[2016-11-14 09:53:46] production.ERROR: ErrorException: file_get_contents(/var/www/aimee/.env): failed to open stream: No such file or directory in /var/www/aimee/vendor/laravel/framework/src/Illuminate/Foundation/Console/KeyGenerateCommand.php:57
Stack trace:
#0 [internal function]: Illuminate\Foundation\Bootstrap\HandleExceptions->handleError(2, 'file_get_conten...', '/var/www/aimee/...', 57, Array)
#1 /var/www/aimee/vendor/laravel/framework/src/Illuminate/Foundation/Console/KeyGenerateCommand.php(57): file_get_contents('/var/www/aimee/...')
#2 /var/www/aimee/vendor/laravel/framework/src/Illuminate/Foundation/Console/KeyGenerateCommand.php(39): Illuminate\Foundation\Console\KeyGenerateCommand->setKeyInEnvironmentFile('base64:UahO2Hvp...')
#3 [internal function]: Illuminate\Foundation\Console\KeyGenerateCommand->fire()
#4 /var/www/aimee/bootstrap/cache/compiled.php(1257): call_user_func_array(Array, Array)
#5 /var/www/aimee/vendor/laravel/framework/src/Illuminate/Console/Command.php(169): Illuminate\Container\Container->call(Array)
#6 /var/www/aimee/vendor/symfony/console/Command/Command.php(256): Illuminate\Console\Command->execute(Object(Symfony\Component\Console\Input\ArgvInput), Object(Symfony\Component\Console\Output\ConsoleOutput))
#7 /var/www/aimee/vendor/laravel/framework/src/Illuminate/Console/Command.php(155): Symfony\Component\Console\Command\Command->run(Object(Symfony\Component\Console\Input\ArgvInput), Object(Symfony\Component\Console\Output\ConsoleOutput))
#8 /var/www/aimee/vendor/symfony/console/Application.php(791): Illuminate\Console\Command->run(Object(Symfony\Component\Console\Input\ArgvInput), Object(Symfony\Component\Console\Output\ConsoleOutput))
#9 /var/www/aimee/vendor/symfony/console/Application.php(186): Symfony\Component\Console\Application->doRunCommand(Object(Illuminate\Foundation\Console\KeyGenerateCommand), Object(Symfony\Component\Console\Input\ArgvInput), Object(Symfony\Component\Console\Output\ConsoleOutput))
#10 /var/www/aimee/vendor/symfony/console/Application.php(117): Symfony\Component\Console\Application->doRun(Object(Symfony\Component\Console\Input\ArgvInput), Object(Symfony\Component\Console\Output\ConsoleOutput))
#11 /var/www/aimee/vendor/laravel/framework/src/Illuminate/Foundation/Console/Kernel.php(107): Symfony\Component\Console\Application->run(Object(Symfony\Component\Console\Input\ArgvInput), Object(Symfony\Component\Console\Output\ConsoleOutput))
#12 /var/www/aimee/artisan(35): Illuminate\Foundation\Console\Kernel->handle(Object(Symfony\Component\Console\Input\ArgvInput), Object(Symfony\Component\Console\Output\ConsoleOutput))
#13 {main}  
[2016-11-14 09:57:01] production.ERROR: ErrorException: file_get_contents(/var/www/aimee/.env): failed to open stream: No such file or directory in /var/www/aimee/vendor/laravel/framework/src/Illuminate/Foundation/Console/KeyGenerateCommand.php:57
Stack trace:
#0 [internal function]: Illuminate\Foundation\Bootstrap\HandleExceptions->handleError(2, 'file_get_conten...', '/var/www/aimee/...', 57, Array)
#1 /var/www/aimee/vendor/laravel/framework/src/Illuminate/Foundation/Console/KeyGenerateCommand.php(57): file_get_contents('/var/www/aimee/...')
#2 /var/www/aimee/vendor/laravel/framework/src/Illuminate/Foundation/Console/KeyGenerateCommand.php(39): Illuminate\Foundation\Console\KeyGenerateCommand->setKeyInEnvironmentFile('base64:c39NgKgU...')
#3 [internal function]: Illuminate\Foundation\Console\KeyGenerateCommand->fire()
#4 /var/www/aimee/bootstrap/cache/compiled.php(1257): call_user_func_array(Array, Array)
#5 /var/www/aimee/vendor/laravel/framework/src/Illuminate/Console/Command.php(169): Illuminate\Container\Container->call(Array)
#6 /var/www/aimee/vendor/symfony/console/Command/Command.php(256): Illuminate\Console\Command->execute(Object(Symfony\Component\Console\Input\ArgvInput), Object(Symfony\Component\Console\Output\ConsoleOutput))
#7 /var/www/aimee/vendor/laravel/framework/src/Illuminate/Console/Command.php(155): Symfony\Component\Console\Command\Command->run(Object(Symfony\Component\Console\Input\ArgvInput), Object(Symfony\Component\Console\Output\ConsoleOutput))
#8 /var/www/aimee/vendor/symfony/console/Application.php(791): Illuminate\Console\Command->run(Object(Symfony\Component\Console\Input\ArgvInput), Object(Symfony\Component\Console\Output\ConsoleOutput))
#9 /var/www/aimee/vendor/symfony/console/Application.php(186): Symfony\Component\Console\Application->doRunCommand(Object(Illuminate\Foundation\Console\KeyGenerateCommand), Object(Symfony\Component\Console\Input\ArgvInput), Object(Symfony\Component\Console\Output\ConsoleOutput))
#10 /var/www/aimee/vendor/symfony/console/Application.php(117): Symfony\Component\Console\Application->doRun(Object(Symfony\Component\Console\Input\ArgvInput), Object(Symfony\Component\Console\Output\ConsoleOutput))
#11 /var/www/aimee/vendor/laravel/framework/src/Illuminate/Foundation/Console/Kernel.php(107): Symfony\Component\Console\Application->run(Object(Symfony\Component\Console\Input\ArgvInput), Object(Symfony\Component\Console\Output\ConsoleOutput))
#12 /var/www/aimee/artisan(35): Illuminate\Foundation\Console\Kernel->handle(Object(Symfony\Component\Console\Input\ArgvInput), Object(Symfony\Component\Console\Output\ConsoleOutput))
#13 {main}  


---------------------------------------------
[2016-11-14 11:09:36] local.ERROR: InvalidArgumentException: View [auth.password] not found. in /var/www/aimee/bootstrap/cache/compiled.php:14380
Stack trace:
#0 /var/www/aimee/bootstrap/cache/compiled.php(14353): Illuminate\View\FileViewFinder->findInPaths('auth.password', Array)
#1 /var/www/aimee/bootstrap/cache/compiled.php(14483): Illuminate\View\FileViewFinder->find('auth.password')
#2 /var/www/aimee/vendor/laravel/framework/src/Illuminate/Foundation/helpers.php(779): Illuminate\View\Factory->make('auth.password', Array, Array)
#3 /var/www/aimee/bootstrap/cache/compiled.php(2616): view('auth.password')
#4 /var/www/aimee/bootstrap/cache/compiled.php(2606): App\Http\Controllers\Auth\PasswordController->showLinkRequestForm()
#5 /var/www/aimee/bootstrap/cache/compiled.php(2668): App\Http\Controllers\Auth\PasswordController->getEmail()
#6 [internal function]: App\Http\Controllers\Auth\PasswordController->showResetForm(Object(Illuminate\Http\Request))
#7 /var/www/aimee/bootstrap/cache/compiled.php(9419): call_user_func_array(Array, Array)
#8 /var/www/aimee/bootstrap/cache/compiled.php(9481): Illuminate\Routing\Controller->callAction('showResetForm', Array)
#9 /var/www/aimee/bootstrap/cache/compiled.php(9461): Illuminate\Routing\ControllerDispatcher->call(Object(App\Http\Controllers\Auth\PasswordController), Object(Illuminate\Routing\Route), 'showResetForm')
#10 [internal function]: Illuminate\Routing\ControllerDispatcher->Illuminate\Routing\{closure}(Object(Illuminate\Http\Request))
#11 /var/www/aimee/vendor/laravel/framework/src/Illuminate/Routing/Pipeline.php(52): call_user_func(Object(Closure), Object(Illuminate\Http\Request))
#12 /var/www/aimee/app/Http/Middleware/RedirectIfAuthenticated.php(24): Illuminate\Routing\Pipeline->Illuminate\Routing\{closure}(Object(Illuminate\Http\Request))
#13 [internal function]: App\Http\Middleware\RedirectIfAuthenticated->handle(Object(Illuminate\Http\Request), Object(Closure))
#14 /var/www/aimee/bootstrap/cache/compiled.php(9953): call_user_func_array(Array, Array)
#15 [internal function]: Illuminate\Pipeline\Pipeline->Illuminate\Pipeline\{closure}(Object(Illuminate\Http\Request))
#16 /var/www/aimee/vendor/laravel/framework/src/Illuminate/Routing/Pipeline.php(32): call_user_func(Object(Closure), Object(Illuminate\Http\Request))
#17 [internal function]: Illuminate\Routing\Pipeline->Illuminate\Routing\{closure}(Object(Illuminate\Http\Request))
#18 /var/www/aimee/bootstrap/cache/compiled.php(9938): call_user_func(Object(Closure), Object(Illuminate\Http\Request))
#19 /var/www/aimee/bootstrap/cache/compiled.php(9462): Illuminate\Pipeline\Pipeline->then(Object(Closure))
#20 /var/www/aimee/bootstrap/cache/compiled.php(9449): Illuminate\Routing\ControllerDispatcher->callWithinStack(Object(App\Http\Controllers\Auth\PasswordController), Object(Illuminate\Routing\Route), Object(Illuminate\Http\Request), 'showResetForm')
#21 /var/www/aimee/bootstrap/cache/compiled.php(8517): Illuminate\Routing\ControllerDispatcher->dispatch(Object(Illuminate\Routing\Route), Object(Illuminate\Http\Request), 'App\\Http\\Contro...', 'showResetForm')
#22 /var/www/aimee/bootstrap/cache/compiled.php(8504): Illuminate\Routing\Route->runController(Object(Illuminate\Http\Request))
#23 /var/www/aimee/bootstrap/cache/compiled.php(8218): Illuminate\Routing\Route->run(Object(Illuminate\Http\Request))
#24 [internal function]: Illuminate\Routing\Router->Illuminate\Routing\{closure}(Object(Illuminate\Http\Request))
#25 /var/www/aimee/vendor/laravel/framework/src/Illuminate/Routing/Pipeline.php(52): call_user_func(Object(Closure), Object(Illuminate\Http\Request))
#26 /var/www/aimee/spark/src/Http/Middleware/CreateFreshApiToken.php(41): Illuminate\Routing\Pipeline->Illuminate\Routing\{closure}(Object(Illuminate\Http\Request))
#27 [internal function]: Laravel\Spark\Http\Middleware\CreateFreshApiToken->handle(Object(Illuminate\Http\Request), Object(Closure))
#28 /var/www/aimee/bootstrap/cache/compiled.php(9953): call_user_func_array(Array, Array)
#29 [internal function]: Illuminate\Pipeline\Pipeline->Illuminate\Pipeline\{closure}(Object(Illuminate\Http\Request))
#30 /var/www/aimee/vendor/laravel/framework/src/Illuminate/Routing/Pipeline.php(32): call_user_func(Object(Closure), Object(Illuminate\Http\Request))
#31 /var/www/aimee/bootstrap/cache/compiled.php(3225): Illuminate\Routing\Pipeline->Illuminate\Routing\{closure}(Object(Illuminate\Http\Request))
#32 [internal function]: Illuminate\Foundation\Http\Middleware\VerifyCsrfToken->handle(Object(Illuminate\Http\Request), Object(Closure))
#33 /var/www/aimee/bootstrap/cache/compiled.php(9953): call_user_func_array(Array, Array)
#34 [internal function]: Illuminate\Pipeline\Pipeline->Illuminate\Pipeline\{closure}(Object(Illuminate\Http\Request))
#35 /var/www/aimee/vendor/laravel/framework/src/Illuminate/Routing/Pipeline.php(32): call_user_func(Object(Closure), Object(Illuminate\Http\Request))
#36 /var/www/aimee/bootstrap/cache/compiled.php(13400): Illuminate\Routing\Pipeline->Illuminate\Routing\{closure}(Object(Illuminate\Http\Request))
#37 [internal function]: Illuminate\View\Middleware\ShareErrorsFromSession->handle(Object(Illuminate\Http\Request), Object(Closure))
#38 /var/www/aimee/bootstrap/cache/compiled.php(9953): call_user_func_array(Array, Array)
#39 [internal function]: Illuminate\Pipeline\Pipeline->Illuminate\Pipeline\{closure}(Object(Illuminate\Http\Request))
#40 /var/www/aimee/vendor/laravel/framework/src/Illuminate/Routing/Pipeline.php(32): call_user_func(Object(Closure), Object(Illuminate\Http\Request))
#41 /var/www/aimee/bootstrap/cache/compiled.php(11943): Illuminate\Routing\Pipeline->Illuminate\Routing\{closure}(Object(Illuminate\Http\Request))
#42 [internal function]: Illuminate\Session\Middleware\StartSession->handle(Object(Illuminate\Http\Request), Object(Closure))
#43 /var/www/aimee/bootstrap/cache/compiled.php(9953): call_user_func_array(Array, Array)
#44 [internal function]: Illuminate\Pipeline\Pipeline->Illuminate\Pipeline\{closure}(Object(Illuminate\Http\Request))
#45 /var/www/aimee/vendor/laravel/framework/src/Illuminate/Routing/Pipeline.php(32): call_user_func(Object(Closure), Object(Illuminate\Http\Request))
#46 /var/www/aimee/bootstrap/cache/compiled.php(13139): Illuminate\Routing\Pipeline->Illuminate\Routing\{closure}(Object(Illuminate\Http\Request))
#47 [internal function]: Illuminate\Cookie\Middleware\AddQueuedCookiesToResponse->handle(Object(Illuminate\Http\Request), Object(Closure))
#48 /var/www/aimee/bootstrap/cache/compiled.php(9953): call_user_func_array(Array, Array)
#49 [internal function]: Illuminate\Pipeline\Pipeline->Illuminate\Pipeline\{closure}(Object(Illuminate\Http\Request))
#50 /var/www/aimee/vendor/laravel/framework/src/Illuminate/Routing/Pipeline.php(32): call_user_func(Object(Closure), Object(Illuminate\Http\Request))
#51 /var/www/aimee/bootstrap/cache/compiled.php(13076): Illuminate\Routing\Pipeline->Illuminate\Routing\{closure}(Object(Illuminate\Http\Request))
#52 [internal function]: Illuminate\Cookie\Middleware\EncryptCookies->handle(Object(Illuminate\Http\Request), Object(Closure))
#53 /var/www/aimee/bootstrap/cache/compiled.php(9953): call_user_func_array(Array, Array)
#54 [internal function]: Illuminate\Pipeline\Pipeline->Illuminate\Pipeline\{closure}(Object(Illuminate\Http\Request))
#55 /var/www/aimee/vendor/laravel/framework/src/Illuminate/Routing/Pipeline.php(32): call_user_func(Object(Closure), Object(Illuminate\Http\Request))
#56 /var/www/aimee/spark/src/Http/Middleware/VerifyUserHasTeam.php(22): Illuminate\Routing\Pipeline->Illuminate\Routing\{closure}(Object(Illuminate\Http\Request))
#57 [internal function]: Laravel\Spark\Http\Middleware\VerifyUserHasTeam->handle(Object(Illuminate\Http\Request), Object(Closure))
#58 /var/www/aimee/bootstrap/cache/compiled.php(9953): call_user_func_array(Array, Array)
#59 [internal function]: Illuminate\Pipeline\Pipeline->Illuminate\Pipeline\{closure}(Object(Illuminate\Http\Request))
#60 /var/www/aimee/vendor/laravel/framework/src/Illuminate/Routing/Pipeline.php(32): call_user_func(Object(Closure), Object(Illuminate\Http\Request))
#61 /var/www/aimee/spark/src/Http/Middleware/CreateFreshApiToken.php(41): Illuminate\Routing\Pipeline->Illuminate\Routing\{closure}(Object(Illuminate\Http\Request))
#62 [internal function]: Laravel\Spark\Http\Middleware\CreateFreshApiToken->handle(Object(Illuminate\Http\Request), Object(Closure))
#63 /var/www/aimee/bootstrap/cache/compiled.php(9953): call_user_func_array(Array, Array)
#64 [internal function]: Illuminate\Pipeline\Pipeline->Illuminate\Pipeline\{closure}(Object(Illuminate\Http\Request))
#65 /var/www/aimee/vendor/laravel/framework/src/Illuminate/Routing/Pipeline.php(32): call_user_func(Object(Closure), Object(Illuminate\Http\Request))
#66 /var/www/aimee/bootstrap/cache/compiled.php(3225): Illuminate\Routing\Pipeline->Illuminate\Routing\{closure}(Object(Illuminate\Http\Request))
#67 [internal function]: Illuminate\Foundation\Http\Middleware\VerifyCsrfToken->handle(Object(Illuminate\Http\Request), Object(Closure))
#68 /var/www/aimee/bootstrap/cache/compiled.php(9953): call_user_func_array(Array, Array)
#69 [internal function]: Illuminate\Pipeline\Pipeline->Illuminate\Pipeline\{closure}(Object(Illuminate\Http\Request))
#70 /var/www/aimee/vendor/laravel/framework/src/Illuminate/Routing/Pipeline.php(32): call_user_func(Object(Closure), Object(Illuminate\Http\Request))
#71 /var/www/aimee/bootstrap/cache/compiled.php(13400): Illuminate\Routing\Pipeline->Illuminate\Routing\{closure}(Object(Illuminate\Http\Request))
#72 [internal function]: Illuminate\View\Middleware\ShareErrorsFromSession->handle(Object(Illuminate\Http\Request), Object(Closure))
#73 /var/www/aimee/bootstrap/cache/compiled.php(9953): call_user_func_array(Array, Array)
#74 [internal function]: Illuminate\Pipeline\Pipeline->Illuminate\Pipeline\{closure}(Object(Illuminate\Http\Request))
#75 /var/www/aimee/vendor/laravel/framework/src/Illuminate/Routing/Pipeline.php(32): call_user_func(Object(Closure), Object(Illuminate\Http\Request))
#76 /var/www/aimee/bootstrap/cache/compiled.php(11943): Illuminate\Routing\Pipeline->Illuminate\Routing\{closure}(Object(Illuminate\Http\Request))
#77 [internal function]: Illuminate\Session\Middleware\StartSession->handle(Object(Illuminate\Http\Request), Object(Closure))
#78 /var/www/aimee/bootstrap/cache/compiled.php(9953): call_user_func_array(Array, Array)
#79 [internal function]: Illuminate\Pipeline\Pipeline->Illuminate\Pipeline\{closure}(Object(Illuminate\Http\Request))
#80 /var/www/aimee/vendor/laravel/framework/src/Illuminate/Routing/Pipeline.php(32): call_user_func(Object(Closure), Object(Illuminate\Http\Request))
#81 /var/www/aimee/bootstrap/cache/compiled.php(13139): Illuminate\Routing\Pipeline->Illuminate\Routing\{closure}(Object(Illuminate\Http\Request))
#82 [internal function]: Illuminate\Cookie\Middleware\AddQueuedCookiesToResponse->handle(Object(Illuminate\Http\Request), Object(Closure))
#83 /var/www/aimee/bootstrap/cache/compiled.php(9953): call_user_func_array(Array, Array)
#84 [internal function]: Illuminate\Pipeline\Pipeline->Illuminate\Pipeline\{closure}(Object(Illuminate\Http\Request))
#85 /var/www/aimee/vendor/laravel/framework/src/Illuminate/Routing/Pipeline.php(32): call_user_func(Object(Closure), Object(Illuminate\Http\Request))
#86 /var/www/aimee/bootstrap/cache/compiled.php(13076): Illuminate\Routing\Pipeline->Illuminate\Routing\{closure}(Object(Illuminate\Http\Request))
#87 [internal function]: Illuminate\Cookie\Middleware\EncryptCookies->handle(Object(Illuminate\Http\Request), Object(Closure))
#88 /var/www/aimee/bootstrap/cache/compiled.php(9953): call_user_func_array(Array, Array)
#89 [internal function]: Illuminate\Pipeline\Pipeline->Illuminate\Pipeline\{closure}(Object(Illuminate\Http\Request))
#90 /var/www/aimee/vendor/laravel/framework/src/Illuminate/Routing/Pipeline.php(32): call_user_func(Object(Closure), Object(Illuminate\Http\Request))
#91 [internal function]: Illuminate\Routing\Pipeline->Illuminate\Routing\{closure}(Object(Illuminate\Http\Request))
#92 /var/www/aimee/bootstrap/cache/compiled.php(9938): call_user_func(Object(Closure), Object(Illuminate\Http\Request))
#93 /var/www/aimee/bootstrap/cache/compiled.php(8219): Illuminate\Pipeline\Pipeline->then(Object(Closure))
#94 /var/www/aimee/bootstrap/cache/compiled.php(8210): Illuminate\Routing\Router->runRouteWithinStack(Object(Illuminate\Routing\Route), Object(Illuminate\Http\Request))
#95 /var/www/aimee/bootstrap/cache/compiled.php(8200): Illuminate\Routing\Router->dispatchToRoute(Object(Illuminate\Http\Request))
#96 /var/www/aimee/bootstrap/cache/compiled.php(2419): Illuminate\Routing\Router->dispatch(Object(Illuminate\Http\Request))
#97 [internal function]: Illuminate\Foundation\Http\Kernel->Illuminate\Foundation\Http\{closure}(Object(Illuminate\Http\Request))
#98 /var/www/aimee/vendor/laravel/framework/src/Illuminate/Routing/Pipeline.php(52): call_user_func(Object(Closure), Object(Illuminate\Http\Request))
#99 /var/www/aimee/bootstrap/cache/compiled.php(3286): Illuminate\Routing\Pipeline->Illuminate\Routing\{closure}(Object(Illuminate\Http\Request))
#100 [internal function]: Illuminate\Foundation\Http\Middleware\CheckForMaintenanceMode->handle(Object(Illuminate\Http\Request), Object(Closure))
#101 /var/www/aimee/bootstrap/cache/compiled.php(9953): call_user_func_array(Array, Array)
#102 [internal function]: Illuminate\Pipeline\Pipeline->Illuminate\Pipeline\{closure}(Object(Illuminate\Http\Request))
#103 /var/www/aimee/vendor/laravel/framework/src/Illuminate/Routing/Pipeline.php(32): call_user_func(Object(Closure), Object(Illuminate\Http\Request))
#104 [internal function]: Illuminate\Routing\Pipeline->Illuminate\Routing\{closure}(Object(Illuminate\Http\Request))
#105 /var/www/aimee/bootstrap/cache/compiled.php(9938): call_user_func(Object(Closure), Object(Illuminate\Http\Request))
#106 /var/www/aimee/bootstrap/cache/compiled.php(2366): Illuminate\Pipeline\Pipeline->then(Object(Closure))
#107 /var/www/aimee/bootstrap/cache/compiled.php(2350): Illuminate\Foundation\Http\Kernel->sendRequestThroughRouter(Object(Illuminate\Http\Request))
#108 /var/www/aimee/public/index.php(53): Illuminate\Foundation\Http\Kernel->handle(Object(Illuminate\Http\Request))
#109 {main}  
[2016-11-17 10:56:37] local.ERROR: PDOException: SQLSTATE[HY000] [1049] Unknown database 'aimee' in /var/www/aimee/vendor/laravel/framework/src/Illuminate/Database/Connectors/Connector.php:55
Stack trace:
#0 /var/www/aimee/vendor/laravel/framework/src/Illuminate/Database/Connectors/Connector.php(55): PDO->__construct('mysql:host=loca...', 'aimee', 'secret', Array)
#1 /var/www/aimee/vendor/laravel/framework/src/Illuminate/Database/Connectors/MySqlConnector.php(24): Illuminate\Database\Connectors\Connector->createConnection('mysql:host=loca...', Array, Array)
#2 /var/www/aimee/bootstrap/cache/compiled.php(11825): Illuminate\Database\Connectors\MySqlConnector->connect(Array)
#3 [internal function]: Illuminate\Database\Connectors\ConnectionFactory->Illuminate\Database\Connectors\{closure}()
#4 /var/www/aimee/vendor/laravel/framework/src/Illuminate/Database/Connection.php(908): call_user_func(Object(Closure))
#5 /var/www/aimee/vendor/laravel/framework/src/Illuminate/Database/Connection.php(776): Illuminate\Database\Connection->getPdo()
#6 /var/www/aimee/vendor/laravel/framework/src/Illuminate/Database/Connection.php(661): Illuminate\Database\Connection->reconnectIfMissingConnection()
#7 /var/www/aimee/vendor/laravel/framework/src/Illuminate/Database/Connection.php(342): Illuminate\Database\Connection->run('select count(*)...', Array, Object(Closure))
#8 /var/www/aimee/vendor/laravel/framework/src/Illuminate/Database/Query/Builder.php(1583): Illuminate\Database\Connection->select('select count(*)...', Array, false)
#9 /var/www/aimee/vendor/laravel/framework/src/Illuminate/Database/Query/Builder.php(1569): Illuminate\Database\Query\Builder->runSelect()
#10 /var/www/aimee/vendor/laravel/framework/src/Illuminate/Database/Query/Builder.php(1974): Illuminate\Database\Query\Builder->get(Array)
#11 /var/www/aimee/vendor/laravel/framework/src/Illuminate/Database/Query/Builder.php(1894): Illuminate\Database\Query\Builder->aggregate('count', Array)
#12 /var/www/aimee/vendor/laravel/framework/src/Illuminate/Validation/DatabasePresenceVerifier.php(58): Illuminate\Database\Query\Builder->count()
#13 /var/www/aimee/vendor/laravel/framework/src/Illuminate/Validation/Validator.php(1310): Illuminate\Validation\DatabasePresenceVerifier->getCount('users', 'email', 'lekz22@yandex.r...', NULL, NULL, Array)
#14 /var/www/aimee/vendor/laravel/framework/src/Illuminate/Validation/Validator.php(485): Illuminate\Validation\Validator->validateUnique('email', 'lekz22@yandex.r...', Array, Object(Illuminate\Validation\Validator))
#15 /var/www/aimee/vendor/laravel/framework/src/Illuminate/Validation/Validator.php(425): Illuminate\Validation\Validator->validate('email', 'Unique')
#16 /var/www/aimee/bootstrap/cache/compiled.php(5516): Illuminate\Validation\Validator->passes()
#17 /var/www/aimee/bootstrap/cache/compiled.php(5695): Illuminate\Foundation\Http\FormRequest->validate()
#18 /var/www/aimee/bootstrap/cache/compiled.php(1494): Illuminate\Foundation\Providers\FoundationServiceProvider->Illuminate\Foundation\Providers\{closure}(Object(Laravel\Spark\Http\Requests\Auth\StripeRegisterRequest), Object(Illuminate\Foundation\Application))
#19 /var/www/aimee/bootstrap/cache/compiled.php(1479): Illuminate\Container\Container->fireCallbackArray(Object(Laravel\Spark\Http\Requests\Auth\StripeRegisterRequest), Array)
#20 /var/www/aimee/bootstrap/cache/compiled.php(1319): Illuminate\Container\Container->fireResolvingCallbacks('Laravel\\Spark\\H...', Object(Laravel\Spark\Http\Requests\Auth\StripeRegisterRequest))
#21 /var/www/aimee/bootstrap/cache/compiled.php(1874): Illuminate\Container\Container->make('Laravel\\Spark\\H...', Array)
#22 /var/www/aimee/bootstrap/cache/compiled.php(1137): Illuminate\Foundation\Application->make('Laravel\\Spark\\H...', Array)
#23 /var/www/aimee/bootstrap/cache/compiled.php(1353): Illuminate\Container\Container->Illuminate\Container\{closure}(Object(Illuminate\Foundation\Application), Array)
#24 /var/www/aimee/bootstrap/cache/compiled.php(1309): Illuminate\Container\Container->build(Object(Closure), Array)
#25 /var/www/aimee/bootstrap/cache/compiled.php(1874): Illuminate\Container\Container->make('Laravel\\Spark\\C...', Array)
#26 /var/www/aimee/bootstrap/cache/compiled.php(7933): Illuminate\Foundation\Application->make('Laravel\\Spark\\C...')
#27 /var/www/aimee/bootstrap/cache/compiled.php(7922): Illuminate\Routing\ControllerDispatcher->transformDependency(Object(ReflectionParameter), Array, Array)
#28 /var/www/aimee/bootstrap/cache/compiled.php(7916): Illuminate\Routing\ControllerDispatcher->resolveMethodDependencies(Array, Object(ReflectionMethod))
#29 /var/www/aimee/bootstrap/cache/compiled.php(9480): Illuminate\Routing\ControllerDispatcher->resolveClassMethodDependencies(Array, Object(Laravel\Spark\Http\Controllers\Auth\RegisterController), 'register')
#30 /var/www/aimee/bootstrap/cache/compiled.php(9461): Illuminate\Routing\ControllerDispatcher->call(Object(Laravel\Spark\Http\Controllers\Auth\RegisterController), Object(Illuminate\Routing\Route), 'register')
#31 [internal function]: Illuminate\Routing\ControllerDispatcher->Illuminate\Routing\{closure}(Object(Illuminate\Http\Request))
#32 /var/www/aimee/vendor/laravel/framework/src/Illuminate/Routing/Pipeline.php(52): call_user_func(Object(Closure), Object(Illuminate\Http\Request))
#33 /var/www/aimee/app/Http/Middleware/RedirectIfAuthenticated.php(24): Illuminate\Routing\Pipeline->Illuminate\Routing\{closure}(Object(Illuminate\Http\Request))
#34 [internal function]: App\Http\Middleware\RedirectIfAuthenticated->handle(Object(Illuminate\Http\Request), Object(Closure))
#35 /var/www/aimee/bootstrap/cache/compiled.php(9953): call_user_func_array(Array, Array)
#36 [internal function]: Illuminate\Pipeline\Pipeline->Illuminate\Pipeline\{closure}(Object(Illuminate\Http\Request))
#37 /var/www/aimee/vendor/laravel/framework/src/Illuminate/Routing/Pipeline.php(32): call_user_func(Object(Closure), Object(Illuminate\Http\Request))
#38 [internal function]: Illuminate\Routing\Pipeline->Illuminate\Routing\{closure}(Object(Illuminate\Http\Request))
#39 /var/www/aimee/bootstrap/cache/compiled.php(9938): call_user_func(Object(Closure), Object(Illuminate\Http\Request))
#40 /var/www/aimee/bootstrap/cache/compiled.php(9462): Illuminate\Pipeline\Pipeline->then(Object(Closure))
#41 /var/www/aimee/bootstrap/cache/compiled.php(9449): Illuminate\Routing\ControllerDispatcher->callWithinStack(Object(Laravel\Spark\Http\Controllers\Auth\RegisterController), Object(Illuminate\Routing\Route), Object(Illuminate\Http\Request), 'register')
#42 /var/www/aimee/bootstrap/cache/compiled.php(8517): Illuminate\Routing\ControllerDispatcher->dispatch(Object(Illuminate\Routing\Route), Object(Illuminate\Http\Request), 'Laravel\\Spark\\H...', 'register')
#43 /var/www/aimee/bootstrap/cache/compiled.php(8504): Illuminate\Routing\Route->runController(Object(Illuminate\Http\Request))
#44 /var/www/aimee/bootstrap/cache/compiled.php(8218): Illuminate\Routing\Route->run(Object(Illuminate\Http\Request))
#45 [internal function]: Illuminate\Routing\Router->Illuminate\Routing\{closure}(Object(Illuminate\Http\Request))
#46 /var/www/aimee/vendor/laravel/framework/src/Illuminate/Routing/Pipeline.php(52): call_user_func(Object(Closure), Object(Illuminate\Http\Request))
#47 /var/www/aimee/spark/src/Http/Middleware/CreateFreshApiToken.php(41): Illuminate\Routing\Pipeline->Illuminate\Routing\{closure}(Object(Illuminate\Http\Request))
#48 [internal function]: Laravel\Spark\Http\Middleware\CreateFreshApiToken->handle(Object(Illuminate\Http\Request), Object(Closure))
#49 /var/www/aimee/bootstrap/cache/compiled.php(9953): call_user_func_array(Array, Array)
#50 [internal function]: Illuminate\Pipeline\Pipeline->Illuminate\Pipeline\{closure}(Object(Illuminate\Http\Request))
#51 /var/www/aimee/vendor/laravel/framework/src/Illuminate/Routing/Pipeline.php(32): call_user_func(Object(Closure), Object(Illuminate\Http\Request))
#52 /var/www/aimee/bootstrap/cache/compiled.php(3225): Illuminate\Routing\Pipeline->Illuminate\Routing\{closure}(Object(Illuminate\Http\Request))
#53 [internal function]: Illuminate\Foundation\Http\Middleware\VerifyCsrfToken->handle(Object(Illuminate\Http\Request), Object(Closure))
#54 /var/www/aimee/bootstrap/cache/compiled.php(9953): call_user_func_array(Array, Array)
#55 [internal function]: Illuminate\Pipeline\Pipeline->Illuminate\Pipeline\{closure}(Object(Illuminate\Http\Request))
#56 /var/www/aimee/vendor/laravel/framework/src/Illuminate/Routing/Pipeline.php(32): call_user_func(Object(Closure), Object(Illuminate\Http\Request))
#57 /var/www/aimee/bootstrap/cache/compiled.php(13400): Illuminate\Routing\Pipeline->Illuminate\Routing\{closure}(Object(Illuminate\Http\Request))
#58 [internal function]: Illuminate\View\Middleware\ShareErrorsFromSession->handle(Object(Illuminate\Http\Request), Object(Closure))
#59 /var/www/aimee/bootstrap/cache/compiled.php(9953): call_user_func_array(Array, Array)
#60 [internal function]: Illuminate\Pipeline\Pipeline->Illuminate\Pipeline\{closure}(Object(Illuminate\Http\Request))
#61 /var/www/aimee/vendor/laravel/framework/src/Illuminate/Routing/Pipeline.php(32): call_user_func(Object(Closure), Object(Illuminate\Http\Request))
#62 /var/www/aimee/bootstrap/cache/compiled.php(11943): Illuminate\Routing\Pipeline->Illuminate\Routing\{closure}(Object(Illuminate\Http\Request))
#63 [internal function]: Illuminate\Session\Middleware\StartSession->handle(Object(Illuminate\Http\Request), Object(Closure))
#64 /var/www/aimee/bootstrap/cache/compiled.php(9953): call_user_func_array(Array, Array)
#65 [internal function]: Illuminate\Pipeline\Pipeline->Illuminate\Pipeline\{closure}(Object(Illuminate\Http\Request))
#66 /var/www/aimee/vendor/laravel/framework/src/Illuminate/Routing/Pipeline.php(32): call_user_func(Object(Closure), Object(Illuminate\Http\Request))
#67 /var/www/aimee/bootstrap/cache/compiled.php(13139): Illuminate\Routing\Pipeline->Illuminate\Routing\{closure}(Object(Illuminate\Http\Request))
#68 [internal function]: Illuminate\Cookie\Middleware\AddQueuedCookiesToResponse->handle(Object(Illuminate\Http\Request), Object(Closure))
#69 /var/www/aimee/bootstrap/cache/compiled.php(9953): call_user_func_array(Array, Array)
#70 [internal function]: Illuminate\Pipeline\Pipeline->Illuminate\Pipeline\{closure}(Object(Illuminate\Http\Request))
#71 /var/www/aimee/vendor/laravel/framework/src/Illuminate/Routing/Pipeline.php(32): call_user_func(Object(Closure), Object(Illuminate\Http\Request))
#72 /var/www/aimee/bootstrap/cache/compiled.php(13076): Illuminate\Routing\Pipeline->Illuminate\Routing\{closure}(Object(Illuminate\Http\Request))
#73 [internal function]: Illuminate\Cookie\Middleware\EncryptCookies->handle(Object(Illuminate\Http\Request), Object(Closure))
#74 /var/www/aimee/bootstrap/cache/compiled.php(9953): call_user_func_array(Array, Array)
#75 [internal function]: Illuminate\Pipeline\Pipeline->Illuminate\Pipeline\{closure}(Object(Illuminate\Http\Request))
#76 /var/www/aimee/vendor/laravel/framework/src/Illuminate/Routing/Pipeline.php(32): call_user_func(Object(Closure), Object(Illuminate\Http\Request))
#77 [internal function]: Illuminate\Routing\Pipeline->Illuminate\Routing\{closure}(Object(Illuminate\Http\Request))
#78 /var/www/aimee/bootstrap/cache/compiled.php(9938): call_user_func(Object(Closure), Object(Illuminate\Http\Request))
#79 /var/www/aimee/bootstrap/cache/compiled.php(8219): Illuminate\Pipeline\Pipeline->then(Object(Closure))
#80 /var/www/aimee/bootstrap/cache/compiled.php(8210): Illuminate\Routing\Router->runRouteWithinStack(Object(Illuminate\Routing\Route), Object(Illuminate\Http\Request))
#81 /var/www/aimee/bootstrap/cache/compiled.php(8200): Illuminate\Routing\Router->dispatchToRoute(Object(Illuminate\Http\Request))
#82 /var/www/aimee/bootstrap/cache/compiled.php(2419): Illuminate\Routing\Router->dispatch(Object(Illuminate\Http\Request))
#83 [internal function]: Illuminate\Foundation\Http\Kernel->Illuminate\Foundation\Http\{closure}(Object(Illuminate\Http\Request))
#84 /var/www/aimee/vendor/laravel/framework/src/Illuminate/Routing/Pipeline.php(52): call_user_func(Object(Closure), Object(Illuminate\Http\Request))
#85 /var/www/aimee/bootstrap/cache/compiled.php(3286): Illuminate\Routing\Pipeline->Illuminate\Routing\{closure}(Object(Illuminate\Http\Request))
#86 [internal function]: Illuminate\Foundation\Http\Middleware\CheckForMaintenanceMode->handle(Object(Illuminate\Http\Request), Object(Closure))
#87 /var/www/aimee/bootstrap/cache/compiled.php(9953): call_user_func_array(Array, Array)
#88 [internal function]: Illuminate\Pipeline\Pipeline->Illuminate\Pipeline\{closure}(Object(Illuminate\Http\Request))
#89 /var/www/aimee/vendor/laravel/framework/src/Illuminate/Routing/Pipeline.php(32): call_user_func(Object(Closure), Object(Illuminate\Http\Request))
#90 [internal function]: Illuminate\Routing\Pipeline->Illuminate\Routing\{closure}(Object(Illuminate\Http\Request))
#91 /var/www/aimee/bootstrap/cache/compiled.php(9938): call_user_func(Object(Closure), Object(Illuminate\Http\Request))
#92 /var/www/aimee/bootstrap/cache/compiled.php(2366): Illuminate\Pipeline\Pipeline->then(Object(Closure))
#93 /var/www/aimee/bootstrap/cache/compiled.php(2350): Illuminate\Foundation\Http\Kernel->sendRequestThroughRouter(Object(Illuminate\Http\Request))
#94 /var/www/aimee/public/index.php(53): Illuminate\Foundation\Http\Kernel->handle(Object(Illuminate\Http\Request))
#95 {main}  
[2016-11-17 10:56:53] local.ERROR: PDOException: SQLSTATE[HY000] [1049] Unknown database 'aimee' in /var/www/aimee/vendor/laravel/framework/src/Illuminate/Database/Connectors/Connector.php:55
Stack trace:
#0 /var/www/aimee/vendor/laravel/framework/src/Illuminate/Database/Connectors/Connector.php(55): PDO->__construct('mysql:host=loca...', 'aimee', 'secret', Array)
#1 /var/www/aimee/vendor/laravel/framework/src/Illuminate/Database/Connectors/MySqlConnector.php(24): Illuminate\Database\Connectors\Connector->createConnection('mysql:host=loca...', Array, Array)
#2 /var/www/aimee/bootstrap/cache/compiled.php(11825): Illuminate\Database\Connectors\MySqlConnector->connect(Array)
#3 [internal function]: Illuminate\Database\Connectors\ConnectionFactory->Illuminate\Database\Connectors\{closure}()
#4 /var/www/aimee/vendor/laravel/framework/src/Illuminate/Database/Connection.php(908): call_user_func(Object(Closure))
#5 /var/www/aimee/vendor/laravel/framework/src/Illuminate/Database/Connection.php(776): Illuminate\Database\Connection->getPdo()
#6 /var/www/aimee/vendor/laravel/framework/src/Illuminate/Database/Connection.php(661): Illuminate\Database\Connection->reconnectIfMissingConnection()
#7 /var/www/aimee/vendor/laravel/framework/src/Illuminate/Database/Connection.php(342): Illuminate\Database\Connection->run('select count(*)...', Array, Object(Closure))
#8 /var/www/aimee/vendor/laravel/framework/src/Illuminate/Database/Query/Builder.php(1583): Illuminate\Database\Connection->select('select count(*)...', Array, false)
#9 /var/www/aimee/vendor/laravel/framework/src/Illuminate/Database/Query/Builder.php(1569): Illuminate\Database\Query\Builder->runSelect()
#10 /var/www/aimee/vendor/laravel/framework/src/Illuminate/Database/Query/Builder.php(1974): Illuminate\Database\Query\Builder->get(Array)
#11 /var/www/aimee/vendor/laravel/framework/src/Illuminate/Database/Query/Builder.php(1894): Illuminate\Database\Query\Builder->aggregate('count', Array)
#12 /var/www/aimee/vendor/laravel/framework/src/Illuminate/Validation/DatabasePresenceVerifier.php(58): Illuminate\Database\Query\Builder->count()
#13 /var/www/aimee/vendor/laravel/framework/src/Illuminate/Validation/Validator.php(1310): Illuminate\Validation\DatabasePresenceVerifier->getCount('users', 'email', 'lekz22@yandex.r...', NULL, NULL, Array)
#14 /var/www/aimee/vendor/laravel/framework/src/Illuminate/Validation/Validator.php(485): Illuminate\Validation\Validator->validateUnique('email', 'lekz22@yandex.r...', Array, Object(Illuminate\Validation\Validator))
#15 /var/www/aimee/vendor/laravel/framework/src/Illuminate/Validation/Validator.php(425): Illuminate\Validation\Validator->validate('email', 'Unique')
#16 /var/www/aimee/bootstrap/cache/compiled.php(5516): Illuminate\Validation\Validator->passes()
#17 /var/www/aimee/bootstrap/cache/compiled.php(5695): Illuminate\Foundation\Http\FormRequest->validate()
#18 /var/www/aimee/bootstrap/cache/compiled.php(1494): Illuminate\Foundation\Providers\FoundationServiceProvider->Illuminate\Foundation\Providers\{closure}(Object(Laravel\Spark\Http\Requests\Auth\StripeRegisterRequest), Object(Illuminate\Foundation\Application))
#19 /var/www/aimee/bootstrap/cache/compiled.php(1479): Illuminate\Container\Container->fireCallbackArray(Object(Laravel\Spark\Http\Requests\Auth\StripeRegisterRequest), Array)
#20 /var/www/aimee/bootstrap/cache/compiled.php(1319): Illuminate\Container\Container->fireResolvingCallbacks('Laravel\\Spark\\H...', Object(Laravel\Spark\Http\Requests\Auth\StripeRegisterRequest))
#21 /var/www/aimee/bootstrap/cache/compiled.php(1874): Illuminate\Container\Container->make('Laravel\\Spark\\H...', Array)
#22 /var/www/aimee/bootstrap/cache/compiled.php(1137): Illuminate\Foundation\Application->make('Laravel\\Spark\\H...', Array)
#23 /var/www/aimee/bootstrap/cache/compiled.php(1353): Illuminate\Container\Container->Illuminate\Container\{closure}(Object(Illuminate\Foundation\Application), Array)
#24 /var/www/aimee/bootstrap/cache/compiled.php(1309): Illuminate\Container\Container->build(Object(Closure), Array)
#25 /var/www/aimee/bootstrap/cache/compiled.php(1874): Illuminate\Container\Container->make('Laravel\\Spark\\C...', Array)
#26 /var/www/aimee/bootstrap/cache/compiled.php(7933): Illuminate\Foundation\Application->make('Laravel\\Spark\\C...')
#27 /var/www/aimee/bootstrap/cache/compiled.php(7922): Illuminate\Routing\ControllerDispatcher->transformDependency(Object(ReflectionParameter), Array, Array)
#28 /var/www/aimee/bootstrap/cache/compiled.php(7916): Illuminate\Routing\ControllerDispatcher->resolveMethodDependencies(Array, Object(ReflectionMethod))
#29 /var/www/aimee/bootstrap/cache/compiled.php(9480): Illuminate\Routing\ControllerDispatcher->resolveClassMethodDependencies(Array, Object(Laravel\Spark\Http\Controllers\Auth\RegisterController), 'register')
#30 /var/www/aimee/bootstrap/cache/compiled.php(9461): Illuminate\Routing\ControllerDispatcher->call(Object(Laravel\Spark\Http\Controllers\Auth\RegisterController), Object(Illuminate\Routing\Route), 'register')
#31 [internal function]: Illuminate\Routing\ControllerDispatcher->Illuminate\Routing\{closure}(Object(Illuminate\Http\Request))
#32 /var/www/aimee/vendor/laravel/framework/src/Illuminate/Routing/Pipeline.php(52): call_user_func(Object(Closure), Object(Illuminate\Http\Request))
#33 /var/www/aimee/app/Http/Middleware/RedirectIfAuthenticated.php(24): Illuminate\Routing\Pipeline->Illuminate\Routing\{closure}(Object(Illuminate\Http\Request))
#34 [internal function]: App\Http\Middleware\RedirectIfAuthenticated->handle(Object(Illuminate\Http\Request), Object(Closure))
#35 /var/www/aimee/bootstrap/cache/compiled.php(9953): call_user_func_array(Array, Array)
#36 [internal function]: Illuminate\Pipeline\Pipeline->Illuminate\Pipeline\{closure}(Object(Illuminate\Http\Request))
#37 /var/www/aimee/vendor/laravel/framework/src/Illuminate/Routing/Pipeline.php(32): call_user_func(Object(Closure), Object(Illuminate\Http\Request))
#38 [internal function]: Illuminate\Routing\Pipeline->Illuminate\Routing\{closure}(Object(Illuminate\Http\Request))
#39 /var/www/aimee/bootstrap/cache/compiled.php(9938): call_user_func(Object(Closure), Object(Illuminate\Http\Request))
#40 /var/www/aimee/bootstrap/cache/compiled.php(9462): Illuminate\Pipeline\Pipeline->then(Object(Closure))
#41 /var/www/aimee/bootstrap/cache/compiled.php(9449): Illuminate\Routing\ControllerDispatcher->callWithinStack(Object(Laravel\Spark\Http\Controllers\Auth\RegisterController), Object(Illuminate\Routing\Route), Object(Illuminate\Http\Request), 'register')
#42 /var/www/aimee/bootstrap/cache/compiled.php(8517): Illuminate\Routing\ControllerDispatcher->dispatch(Object(Illuminate\Routing\Route), Object(Illuminate\Http\Request), 'Laravel\\Spark\\H...', 'register')
#43 /var/www/aimee/bootstrap/cache/compiled.php(8504): Illuminate\Routing\Route->runController(Object(Illuminate\Http\Request))
#44 /var/www/aimee/bootstrap/cache/compiled.php(8218): Illuminate\Routing\Route->run(Object(Illuminate\Http\Request))
#45 [internal function]: Illuminate\Routing\Router->Illuminate\Routing\{closure}(Object(Illuminate\Http\Request))
#46 /var/www/aimee/vendor/laravel/framework/src/Illuminate/Routing/Pipeline.php(52): call_user_func(Object(Closure), Object(Illuminate\Http\Request))
#47 /var/www/aimee/spark/src/Http/Middleware/CreateFreshApiToken.php(41): Illuminate\Routing\Pipeline->Illuminate\Routing\{closure}(Object(Illuminate\Http\Request))
#48 [internal function]: Laravel\Spark\Http\Middleware\CreateFreshApiToken->handle(Object(Illuminate\Http\Request), Object(Closure))
#49 /var/www/aimee/bootstrap/cache/compiled.php(9953): call_user_func_array(Array, Array)
#50 [internal function]: Illuminate\Pipeline\Pipeline->Illuminate\Pipeline\{closure}(Object(Illuminate\Http\Request))
#51 /var/www/aimee/vendor/laravel/framework/src/Illuminate/Routing/Pipeline.php(32): call_user_func(Object(Closure), Object(Illuminate\Http\Request))
#52 /var/www/aimee/bootstrap/cache/compiled.php(3225): Illuminate\Routing\Pipeline->Illuminate\Routing\{closure}(Object(Illuminate\Http\Request))
#53 [internal function]: Illuminate\Foundation\Http\Middleware\VerifyCsrfToken->handle(Object(Illuminate\Http\Request), Object(Closure))
#54 /var/www/aimee/bootstrap/cache/compiled.php(9953): call_user_func_array(Array, Array)
#55 [internal function]: Illuminate\Pipeline\Pipeline->Illuminate\Pipeline\{closure}(Object(Illuminate\Http\Request))
#56 /var/www/aimee/vendor/laravel/framework/src/Illuminate/Routing/Pipeline.php(32): call_user_func(Object(Closure), Object(Illuminate\Http\Request))
#57 /var/www/aimee/bootstrap/cache/compiled.php(13400): Illuminate\Routing\Pipeline->Illuminate\Routing\{closure}(Object(Illuminate\Http\Request))
#58 [internal function]: Illuminate\View\Middleware\ShareErrorsFromSession->handle(Object(Illuminate\Http\Request), Object(Closure))
#59 /var/www/aimee/bootstrap/cache/compiled.php(9953): call_user_func_array(Array, Array)
#60 [internal function]: Illuminate\Pipeline\Pipeline->Illuminate\Pipeline\{closure}(Object(Illuminate\Http\Request))
#61 /var/www/aimee/vendor/laravel/framework/src/Illuminate/Routing/Pipeline.php(32): call_user_func(Object(Closure), Object(Illuminate\Http\Request))
#62 /var/www/aimee/bootstrap/cache/compiled.php(11943): Illuminate\Routing\Pipeline->Illuminate\Routing\{closure}(Object(Illuminate\Http\Request))
#63 [internal function]: Illuminate\Session\Middleware\StartSession->handle(Object(Illuminate\Http\Request), Object(Closure))
#64 /var/www/aimee/bootstrap/cache/compiled.php(9953): call_user_func_array(Array, Array)
#65 [internal function]: Illuminate\Pipeline\Pipeline->Illuminate\Pipeline\{closure}(Object(Illuminate\Http\Request))
#66 /var/www/aimee/vendor/laravel/framework/src/Illuminate/Routing/Pipeline.php(32): call_user_func(Object(Closure), Object(Illuminate\Http\Request))
#67 /var/www/aimee/bootstrap/cache/compiled.php(13139): Illuminate\Routing\Pipeline->Illuminate\Routing\{closure}(Object(Illuminate\Http\Request))
#68 [internal function]: Illuminate\Cookie\Middleware\AddQueuedCookiesToResponse->handle(Object(Illuminate\Http\Request), Object(Closure))
#69 /var/www/aimee/bootstrap/cache/compiled.php(9953): call_user_func_array(Array, Array)
#70 [internal function]: Illuminate\Pipeline\Pipeline->Illuminate\Pipeline\{closure}(Object(Illuminate\Http\Request))
#71 /var/www/aimee/vendor/laravel/framework/src/Illuminate/Routing/Pipeline.php(32): call_user_func(Object(Closure), Object(Illuminate\Http\Request))
#72 /var/www/aimee/bootstrap/cache/compiled.php(13076): Illuminate\Routing\Pipeline->Illuminate\Routing\{closure}(Object(Illuminate\Http\Request))
#73 [internal function]: Illuminate\Cookie\Middleware\EncryptCookies->handle(Object(Illuminate\Http\Request), Object(Closure))
#74 /var/www/aimee/bootstrap/cache/compiled.php(9953): call_user_func_array(Array, Array)
#75 [internal function]: Illuminate\Pipeline\Pipeline->Illuminate\Pipeline\{closure}(Object(Illuminate\Http\Request))
#76 /var/www/aimee/vendor/laravel/framework/src/Illuminate/Routing/Pipeline.php(32): call_user_func(Object(Closure), Object(Illuminate\Http\Request))
#77 [internal function]: Illuminate\Routing\Pipeline->Illuminate\Routing\{closure}(Object(Illuminate\Http\Request))
#78 /var/www/aimee/bootstrap/cache/compiled.php(9938): call_user_func(Object(Closure), Object(Illuminate\Http\Request))
#79 /var/www/aimee/bootstrap/cache/compiled.php(8219): Illuminate\Pipeline\Pipeline->then(Object(Closure))
#80 /var/www/aimee/bootstrap/cache/compiled.php(8210): Illuminate\Routing\Router->runRouteWithinStack(Object(Illuminate\Routing\Route), Object(Illuminate\Http\Request))
#81 /var/www/aimee/bootstrap/cache/compiled.php(8200): Illuminate\Routing\Router->dispatchToRoute(Object(Illuminate\Http\Request))
#82 /var/www/aimee/bootstrap/cache/compiled.php(2419): Illuminate\Routing\Router->dispatch(Object(Illuminate\Http\Request))
#83 [internal function]: Illuminate\Foundation\Http\Kernel->Illuminate\Foundation\Http\{closure}(Object(Illuminate\Http\Request))
#84 /var/www/aimee/vendor/laravel/framework/src/Illuminate/Routing/Pipeline.php(52): call_user_func(Object(Closure), Object(Illuminate\Http\Request))
#85 /var/www/aimee/bootstrap/cache/compiled.php(3286): Illuminate\Routing\Pipeline->Illuminate\Routing\{closure}(Object(Illuminate\Http\Request))
#86 [internal function]: Illuminate\Foundation\Http\Middleware\CheckForMaintenanceMode->handle(Object(Illuminate\Http\Request), Object(Closure))
#87 /var/www/aimee/bootstrap/cache/compiled.php(9953): call_user_func_array(Array, Array)
#88 [internal function]: Illuminate\Pipeline\Pipeline->Illuminate\Pipeline\{closure}(Object(Illuminate\Http\Request))
#89 /var/www/aimee/vendor/laravel/framework/src/Illuminate/Routing/Pipeline.php(32): call_user_func(Object(Closure), Object(Illuminate\Http\Request))
#90 [internal function]: Illuminate\Routing\Pipeline->Illuminate\Routing\{closure}(Object(Illuminate\Http\Request))
#91 /var/www/aimee/bootstrap/cache/compiled.php(9938): call_user_func(Object(Closure), Object(Illuminate\Http\Request))
#92 /var/www/aimee/bootstrap/cache/compiled.php(2366): Illuminate\Pipeline\Pipeline->then(Object(Closure))
#93 /var/www/aimee/bootstrap/cache/compiled.php(2350): Illuminate\Foundation\Http\Kernel->sendRequestThroughRouter(Object(Illuminate\Http\Request))
#94 /var/www/aimee/public/index.php(53): Illuminate\Foundation\Http\Kernel->handle(Object(Illuminate\Http\Request))
#95 {main}  
[2016-11-17 10:58:15] local.ERROR: PDOException: SQLSTATE[HY000] [1049] Unknown database 'aimee' in /var/www/aimee/vendor/laravel/framework/src/Illuminate/Database/Connectors/Connector.php:55
Stack trace:
#0 /var/www/aimee/vendor/laravel/framework/src/Illuminate/Database/Connectors/Connector.php(55): PDO->__construct('mysql:host=loca...', 'aimee', 'secret', Array)
#1 /var/www/aimee/vendor/laravel/framework/src/Illuminate/Database/Connectors/MySqlConnector.php(24): Illuminate\Database\Connectors\Connector->createConnection('mysql:host=loca...', Array, Array)
#2 /var/www/aimee/bootstrap/cache/compiled.php(11825): Illuminate\Database\Connectors\MySqlConnector->connect(Array)
#3 [internal function]: Illuminate\Database\Connectors\ConnectionFactory->Illuminate\Database\Connectors\{closure}()
#4 /var/www/aimee/vendor/laravel/framework/src/Illuminate/Database/Connection.php(908): call_user_func(Object(Closure))
#5 /var/www/aimee/vendor/laravel/framework/src/Illuminate/Database/Connection.php(776): Illuminate\Database\Connection->getPdo()
#6 /var/www/aimee/vendor/laravel/framework/src/Illuminate/Database/Connection.php(661): Illuminate\Database\Connection->reconnectIfMissingConnection()
#7 /var/www/aimee/vendor/laravel/framework/src/Illuminate/Database/Connection.php(342): Illuminate\Database\Connection->run('select count(*)...', Array, Object(Closure))
#8 /var/www/aimee/vendor/laravel/framework/src/Illuminate/Database/Query/Builder.php(1583): Illuminate\Database\Connection->select('select count(*)...', Array, false)
#9 /var/www/aimee/vendor/laravel/framework/src/Illuminate/Database/Query/Builder.php(1569): Illuminate\Database\Query\Builder->runSelect()
#10 /var/www/aimee/vendor/laravel/framework/src/Illuminate/Database/Query/Builder.php(1974): Illuminate\Database\Query\Builder->get(Array)
#11 /var/www/aimee/vendor/laravel/framework/src/Illuminate/Database/Query/Builder.php(1894): Illuminate\Database\Query\Builder->aggregate('count', Array)
#12 /var/www/aimee/vendor/laravel/framework/src/Illuminate/Validation/DatabasePresenceVerifier.php(58): Illuminate\Database\Query\Builder->count()
#13 /var/www/aimee/vendor/laravel/framework/src/Illuminate/Validation/Validator.php(1310): Illuminate\Validation\DatabasePresenceVerifier->getCount('users', 'email', 'lekz22@yandex.r...', NULL, NULL, Array)
#14 /var/www/aimee/vendor/laravel/framework/src/Illuminate/Validation/Validator.php(485): Illuminate\Validation\Validator->validateUnique('email', 'lekz22@yandex.r...', Array, Object(Illuminate\Validation\Validator))
#15 /var/www/aimee/vendor/laravel/framework/src/Illuminate/Validation/Validator.php(425): Illuminate\Validation\Validator->validate('email', 'Unique')
#16 /var/www/aimee/bootstrap/cache/compiled.php(5516): Illuminate\Validation\Validator->passes()
#17 /var/www/aimee/bootstrap/cache/compiled.php(5695): Illuminate\Foundation\Http\FormRequest->validate()
#18 /var/www/aimee/bootstrap/cache/compiled.php(1494): Illuminate\Foundation\Providers\FoundationServiceProvider->Illuminate\Foundation\Providers\{closure}(Object(Laravel\Spark\Http\Requests\Auth\StripeRegisterRequest), Object(Illuminate\Foundation\Application))
#19 /var/www/aimee/bootstrap/cache/compiled.php(1479): Illuminate\Container\Container->fireCallbackArray(Object(Laravel\Spark\Http\Requests\Auth\StripeRegisterRequest), Array)
#20 /var/www/aimee/bootstrap/cache/compiled.php(1319): Illuminate\Container\Container->fireResolvingCallbacks('Laravel\\Spark\\H...', Object(Laravel\Spark\Http\Requests\Auth\StripeRegisterRequest))
#21 /var/www/aimee/bootstrap/cache/compiled.php(1874): Illuminate\Container\Container->make('Laravel\\Spark\\H...', Array)
#22 /var/www/aimee/bootstrap/cache/compiled.php(1137): Illuminate\Foundation\Application->make('Laravel\\Spark\\H...', Array)
#23 /var/www/aimee/bootstrap/cache/compiled.php(1353): Illuminate\Container\Container->Illuminate\Container\{closure}(Object(Illuminate\Foundation\Application), Array)
#24 /var/www/aimee/bootstrap/cache/compiled.php(1309): Illuminate\Container\Container->build(Object(Closure), Array)
#25 /var/www/aimee/bootstrap/cache/compiled.php(1874): Illuminate\Container\Container->make('Laravel\\Spark\\C...', Array)
#26 /var/www/aimee/bootstrap/cache/compiled.php(7933): Illuminate\Foundation\Application->make('Laravel\\Spark\\C...')
#27 /var/www/aimee/bootstrap/cache/compiled.php(7922): Illuminate\Routing\ControllerDispatcher->transformDependency(Object(ReflectionParameter), Array, Array)
#28 /var/www/aimee/bootstrap/cache/compiled.php(7916): Illuminate\Routing\ControllerDispatcher->resolveMethodDependencies(Array, Object(ReflectionMethod))
#29 /var/www/aimee/bootstrap/cache/compiled.php(9480): Illuminate\Routing\ControllerDispatcher->resolveClassMethodDependencies(Array, Object(Laravel\Spark\Http\Controllers\Auth\RegisterController), 'register')
#30 /var/www/aimee/bootstrap/cache/compiled.php(9461): Illuminate\Routing\ControllerDispatcher->call(Object(Laravel\Spark\Http\Controllers\Auth\RegisterController), Object(Illuminate\Routing\Route), 'register')
#31 [internal function]: Illuminate\Routing\ControllerDispatcher->Illuminate\Routing\{closure}(Object(Illuminate\Http\Request))
#32 /var/www/aimee/vendor/laravel/framework/src/Illuminate/Routing/Pipeline.php(52): call_user_func(Object(Closure), Object(Illuminate\Http\Request))
#33 /var/www/aimee/app/Http/Middleware/RedirectIfAuthenticated.php(24): Illuminate\Routing\Pipeline->Illuminate\Routing\{closure}(Object(Illuminate\Http\Request))
#34 [internal function]: App\Http\Middleware\RedirectIfAuthenticated->handle(Object(Illuminate\Http\Request), Object(Closure))
#35 /var/www/aimee/bootstrap/cache/compiled.php(9953): call_user_func_array(Array, Array)
#36 [internal function]: Illuminate\Pipeline\Pipeline->Illuminate\Pipeline\{closure}(Object(Illuminate\Http\Request))
#37 /var/www/aimee/vendor/laravel/framework/src/Illuminate/Routing/Pipeline.php(32): call_user_func(Object(Closure), Object(Illuminate\Http\Request))
#38 [internal function]: Illuminate\Routing\Pipeline->Illuminate\Routing\{closure}(Object(Illuminate\Http\Request))
#39 /var/www/aimee/bootstrap/cache/compiled.php(9938): call_user_func(Object(Closure), Object(Illuminate\Http\Request))
#40 /var/www/aimee/bootstrap/cache/compiled.php(9462): Illuminate\Pipeline\Pipeline->then(Object(Closure))
#41 /var/www/aimee/bootstrap/cache/compiled.php(9449): Illuminate\Routing\ControllerDispatcher->callWithinStack(Object(Laravel\Spark\Http\Controllers\Auth\RegisterController), Object(Illuminate\Routing\Route), Object(Illuminate\Http\Request), 'register')
#42 /var/www/aimee/bootstrap/cache/compiled.php(8517): Illuminate\Routing\ControllerDispatcher->dispatch(Object(Illuminate\Routing\Route), Object(Illuminate\Http\Request), 'Laravel\\Spark\\H...', 'register')
#43 /var/www/aimee/bootstrap/cache/compiled.php(8504): Illuminate\Routing\Route->runController(Object(Illuminate\Http\Request))
#44 /var/www/aimee/bootstrap/cache/compiled.php(8218): Illuminate\Routing\Route->run(Object(Illuminate\Http\Request))
#45 [internal function]: Illuminate\Routing\Router->Illuminate\Routing\{closure}(Object(Illuminate\Http\Request))
#46 /var/www/aimee/vendor/laravel/framework/src/Illuminate/Routing/Pipeline.php(52): call_user_func(Object(Closure), Object(Illuminate\Http\Request))
#47 /var/www/aimee/spark/src/Http/Middleware/CreateFreshApiToken.php(41): Illuminate\Routing\Pipeline->Illuminate\Routing\{closure}(Object(Illuminate\Http\Request))
#48 [internal function]: Laravel\Spark\Http\Middleware\CreateFreshApiToken->handle(Object(Illuminate\Http\Request), Object(Closure))
#49 /var/www/aimee/bootstrap/cache/compiled.php(9953): call_user_func_array(Array, Array)
#50 [internal function]: Illuminate\Pipeline\Pipeline->Illuminate\Pipeline\{closure}(Object(Illuminate\Http\Request))
#51 /var/www/aimee/vendor/laravel/framework/src/Illuminate/Routing/Pipeline.php(32): call_user_func(Object(Closure), Object(Illuminate\Http\Request))
#52 /var/www/aimee/bootstrap/cache/compiled.php(3225): Illuminate\Routing\Pipeline->Illuminate\Routing\{closure}(Object(Illuminate\Http\Request))
#53 [internal function]: Illuminate\Foundation\Http\Middleware\VerifyCsrfToken->handle(Object(Illuminate\Http\Request), Object(Closure))
#54 /var/www/aimee/bootstrap/cache/compiled.php(9953): call_user_func_array(Array, Array)
#55 [internal function]: Illuminate\Pipeline\Pipeline->Illuminate\Pipeline\{closure}(Object(Illuminate\Http\Request))
#56 /var/www/aimee/vendor/laravel/framework/src/Illuminate/Routing/Pipeline.php(32): call_user_func(Object(Closure), Object(Illuminate\Http\Request))
#57 /var/www/aimee/bootstrap/cache/compiled.php(13400): Illuminate\Routing\Pipeline->Illuminate\Routing\{closure}(Object(Illuminate\Http\Request))
#58 [internal function]: Illuminate\View\Middleware\ShareErrorsFromSession->handle(Object(Illuminate\Http\Request), Object(Closure))
#59 /var/www/aimee/bootstrap/cache/compiled.php(9953): call_user_func_array(Array, Array)
#60 [internal function]: Illuminate\Pipeline\Pipeline->Illuminate\Pipeline\{closure}(Object(Illuminate\Http\Request))
#61 /var/www/aimee/vendor/laravel/framework/src/Illuminate/Routing/Pipeline.php(32): call_user_func(Object(Closure), Object(Illuminate\Http\Request))
#62 /var/www/aimee/bootstrap/cache/compiled.php(11943): Illuminate\Routing\Pipeline->Illuminate\Routing\{closure}(Object(Illuminate\Http\Request))
#63 [internal function]: Illuminate\Session\Middleware\StartSession->handle(Object(Illuminate\Http\Request), Object(Closure))
#64 /var/www/aimee/bootstrap/cache/compiled.php(9953): call_user_func_array(Array, Array)
#65 [internal function]: Illuminate\Pipeline\Pipeline->Illuminate\Pipeline\{closure}(Object(Illuminate\Http\Request))
#66 /var/www/aimee/vendor/laravel/framework/src/Illuminate/Routing/Pipeline.php(32): call_user_func(Object(Closure), Object(Illuminate\Http\Request))
#67 /var/www/aimee/bootstrap/cache/compiled.php(13139): Illuminate\Routing\Pipeline->Illuminate\Routing\{closure}(Object(Illuminate\Http\Request))
#68 [internal function]: Illuminate\Cookie\Middleware\AddQueuedCookiesToResponse->handle(Object(Illuminate\Http\Request), Object(Closure))
#69 /var/www/aimee/bootstrap/cache/compiled.php(9953): call_user_func_array(Array, Array)
#70 [internal function]: Illuminate\Pipeline\Pipeline->Illuminate\Pipeline\{closure}(Object(Illuminate\Http\Request))
#71 /var/www/aimee/vendor/laravel/framework/src/Illuminate/Routing/Pipeline.php(32): call_user_func(Object(Closure), Object(Illuminate\Http\Request))
#72 /var/www/aimee/bootstrap/cache/compiled.php(13076): Illuminate\Routing\Pipeline->Illuminate\Routing\{closure}(Object(Illuminate\Http\Request))
#73 [internal function]: Illuminate\Cookie\Middleware\EncryptCookies->handle(Object(Illuminate\Http\Request), Object(Closure))
#74 /var/www/aimee/bootstrap/cache/compiled.php(9953): call_user_func_array(Array, Array)
#75 [internal function]: Illuminate\Pipeline\Pipeline->Illuminate\Pipeline\{closure}(Object(Illuminate\Http\Request))
#76 /var/www/aimee/vendor/laravel/framework/src/Illuminate/Routing/Pipeline.php(32): call_user_func(Object(Closure), Object(Illuminate\Http\Request))
#77 [internal function]: Illuminate\Routing\Pipeline->Illuminate\Routing\{closure}(Object(Illuminate\Http\Request))
#78 /var/www/aimee/bootstrap/cache/compiled.php(9938): call_user_func(Object(Closure), Object(Illuminate\Http\Request))
#79 /var/www/aimee/bootstrap/cache/compiled.php(8219): Illuminate\Pipeline\Pipeline->then(Object(Closure))
#80 /var/www/aimee/bootstrap/cache/compiled.php(8210): Illuminate\Routing\Router->runRouteWithinStack(Object(Illuminate\Routing\Route), Object(Illuminate\Http\Request))
#81 /var/www/aimee/bootstrap/cache/compiled.php(8200): Illuminate\Routing\Router->dispatchToRoute(Object(Illuminate\Http\Request))
#82 /var/www/aimee/bootstrap/cache/compiled.php(2419): Illuminate\Routing\Router->dispatch(Object(Illuminate\Http\Request))
#83 [internal function]: Illuminate\Foundation\Http\Kernel->Illuminate\Foundation\Http\{closure}(Object(Illuminate\Http\Request))
#84 /var/www/aimee/vendor/laravel/framework/src/Illuminate/Routing/Pipeline.php(52): call_user_func(Object(Closure), Object(Illuminate\Http\Request))
#85 /var/www/aimee/bootstrap/cache/compiled.php(3286): Illuminate\Routing\Pipeline->Illuminate\Routing\{closure}(Object(Illuminate\Http\Request))
#86 [internal function]: Illuminate\Foundation\Http\Middleware\CheckForMaintenanceMode->handle(Object(Illuminate\Http\Request), Object(Closure))
#87 /var/www/aimee/bootstrap/cache/compiled.php(9953): call_user_func_array(Array, Array)
#88 [internal function]: Illuminate\Pipeline\Pipeline->Illuminate\Pipeline\{closure}(Object(Illuminate\Http\Request))
#89 /var/www/aimee/vendor/laravel/framework/src/Illuminate/Routing/Pipeline.php(32): call_user_func(Object(Closure), Object(Illuminate\Http\Request))
#90 [internal function]: Illuminate\Routing\Pipeline->Illuminate\Routing\{closure}(Object(Illuminate\Http\Request))
#91 /var/www/aimee/bootstrap/cache/compiled.php(9938): call_user_func(Object(Closure), Object(Illuminate\Http\Request))
#92 /var/www/aimee/bootstrap/cache/compiled.php(2366): Illuminate\Pipeline\Pipeline->then(Object(Closure))
#93 /var/www/aimee/bootstrap/cache/compiled.php(2350): Illuminate\Foundation\Http\Kernel->sendRequestThroughRouter(Object(Illuminate\Http\Request))
#94 /var/www/aimee/public/index.php(53): Illuminate\Foundation\Http\Kernel->handle(Object(Illuminate\Http\Request))
#95 {main}  
